# JRE version: OpenJDK Runtime Environment Temurin-17.0.15+6 (17.0.15+6) (build 17.0.15+6)
# Java VM: OpenJDK 64-Bit Server VM Temurin-17.0.15+6 (17.0.15+6, mixed mode, sharing, tiered, compressed oops, compressed class ptrs, g1 gc, windows-amd64)
GC Precious Log:
 CPUs: 4 total, 4 available
 Memory: 12279M
 Large Page Support: Disabled
 NUMA Support: Disabled
 Compressed Oops: Enabled (Zero based)
 Heap Region Size: 2M
 Heap Min Capacity: 8M
 Heap Initial Capacity: 192M
 Heap Max Capacity: 3G
 Pre-touch: Disabled
 Parallel Workers: 4
 Concurrent Workers: 1
 Concurrent Refinement Workers: 4
 Periodic GC: Disabled
Heap:
 garbage-first heap   total 251904K, used 226943K [0x0000000740000000, 0x0000000800000000)
  region size 2048K, 61 young (124928K), 2 survivors (4096K)
 Metaspace       used 71476K, committed 72128K, reserved 1114112K
  class space    used 9980K, committed 10304K, reserved 1048576K
GC Heap History (20 events):
Event: 14.035 GC heap before
{Heap before GC invocations=14 (full 0):
 garbage-first heap   total 90112K, used 69415K [0x0000000740000000, 0x0000000800000000)
  region size 2048K, 18 young (36864K), 2 survivors (4096K)
 Metaspace       used 51829K, committed 52352K, reserved 1114112K
  class space    used 7121K, committed 7360K, reserved 1048576K
}
Event: 14.046 GC heap after
{Heap after GC invocations=15 (full 0):
 garbage-first heap   total 108544K, used 39931K [0x0000000740000000, 0x0000000800000000)
  region size 2048K, 3 young (6144K), 3 survivors (6144K)
 Metaspace       used 51829K, committed 52352K, reserved 1114112K
  class space    used 7121K, committed 7360K, reserved 1048576K
}
Event: 15.702 GC heap before
{Heap before GC invocations=15 (full 0):
 garbage-first heap   total 108544K, used 87035K [0x0000000740000000, 0x0000000800000000)
  region size 2048K, 25 young (51200K), 3 survivors (6144K)
 Metaspace       used 56876K, committed 57344K, reserved 1114112K
  class space    used 7861K, committed 8064K, reserved 1048576K
}
Event: 15.712 GC heap after
{Heap after GC invocations=16 (full 0):
 garbage-first heap   total 108544K, used 45179K [0x0000000740000000, 0x0000000800000000)
  region size 2048K, 4 young (8192K), 4 survivors (8192K)
 Metaspace       used 56876K, committed 57344K, reserved 1114112K
  class space    used 7861K, committed 8064K, reserved 1048576K
}
Event: 16.441 GC heap before
{Heap before GC invocations=16 (full 0):
 garbage-first heap   total 108544K, used 84091K [0x0000000740000000, 0x0000000800000000)
  region size 2048K, 23 young (47104K), 4 survivors (8192K)
 Metaspace       used 57443K, committed 57984K, reserved 1114112K
  class space    used 7933K, committed 8192K, reserved 1048576K
}
Event: 16.457 GC heap after
{Heap after GC invocations=17 (full 0):
 garbage-first heap   total 108544K, used 48889K [0x0000000740000000, 0x0000000800000000)
  region size 2048K, 3 young (6144K), 3 survivors (6144K)
 Metaspace       used 57443K, committed 57984K, reserved 1114112K
  class space    used 7933K, committed 8192K, reserved 1048576K
}
Event: 17.138 GC heap before
{Heap before GC invocations=17 (full 0):
 garbage-first heap   total 108544K, used 83705K [0x0000000740000000, 0x0000000800000000)
  region size 2048K, 21 young (43008K), 3 survivors (6144K)
 Metaspace       used 59363K, committed 59968K, reserved 1114112K
  class space    used 8230K, committed 8512K, reserved 1048576K
}
Event: 17.149 GC heap after
{Heap after GC invocations=18 (full 0):
 garbage-first heap   total 108544K, used 52239K [0x0000000740000000, 0x0000000800000000)
  region size 2048K, 2 young (4096K), 2 survivors (4096K)
 Metaspace       used 59363K, committed 59968K, reserved 1114112K
  class space    used 8230K, committed 8512K, reserved 1048576K
}
Event: 17.248 GC heap before
{Heap before GC invocations=18 (full 0):
 garbage-first heap   total 108544K, used 52239K [0x0000000740000000, 0x0000000800000000)
  region size 2048K, 3 young (6144K), 2 survivors (4096K)
 Metaspace       used 59566K, committed 60096K, reserved 1114112K
  class space    used 8263K, committed 8512K, reserved 1048576K
}
Event: 17.254 GC heap after
{Heap after GC invocations=19 (full 0):
 garbage-first heap   total 108544K, used 52092K [0x0000000740000000, 0x0000000800000000)
  region size 2048K, 2 young (4096K), 2 survivors (4096K)
 Metaspace       used 59566K, committed 60096K, reserved 1114112K
  class space    used 8263K, committed 8512K, reserved 1048576K
}
Event: 19.172 GC heap before
{Heap before GC invocations=20 (full 0):
 garbage-first heap   total 176128K, used 164732K [0x0000000740000000, 0x0000000800000000)
  region size 2048K, 16 young (32768K), 2 survivors (4096K)
 Metaspace       used 61685K, committed 62272K, reserved 1114112K
  class space    used 8486K, committed 8768K, reserved 1048576K
}
Event: 19.181 GC heap after
{Heap after GC invocations=21 (full 0):
 garbage-first heap   total 176128K, used 54282K [0x0000000740000000, 0x0000000800000000)
  region size 2048K, 3 young (6144K), 3 survivors (6144K)
 Metaspace       used 61685K, committed 62272K, reserved 1114112K
  class space    used 8486K, committed 8768K, reserved 1048576K
}
Event: 19.260 GC heap before
{Heap before GC invocations=21 (full 0):
 garbage-first heap   total 176128K, used 62474K [0x0000000740000000, 0x0000000800000000)
  region size 2048K, 4 young (8192K), 3 survivors (6144K)
 Metaspace       used 61868K, committed 62400K, reserved 1114112K
  class space    used 8507K, committed 8768K, reserved 1048576K
}
Event: 19.272 GC heap after
{Heap after GC invocations=22 (full 0):
 garbage-first heap   total 176128K, used 54443K [0x0000000740000000, 0x0000000800000000)
  region size 2048K, 1 young (2048K), 1 survivors (2048K)
 Metaspace       used 61868K, committed 62400K, reserved 1114112K
  class space    used 8507K, committed 8768K, reserved 1048576K
}
Event: 21.744 GC heap before
{Heap before GC invocations=22 (full 0):
 garbage-first heap   total 176128K, used 119979K [0x0000000740000000, 0x0000000800000000)
  region size 2048K, 23 young (47104K), 1 survivors (2048K)
 Metaspace       used 65341K, committed 65920K, reserved 1114112K
  class space    used 9078K, committed 9344K, reserved 1048576K
}
Event: 21.753 GC heap after
{Heap after GC invocations=23 (full 0):
 garbage-first heap   total 251904K, used 56732K [0x0000000740000000, 0x0000000800000000)
  region size 2048K, 2 young (4096K), 2 survivors (4096K)
 Metaspace       used 65341K, committed 65920K, reserved 1114112K
  class space    used 9078K, committed 9344K, reserved 1048576K
}
Event: 22.158 GC heap before
{Heap before GC invocations=23 (full 0):
 garbage-first heap   total 251904K, used 114076K [0x0000000740000000, 0x0000000800000000)
  region size 2048K, 4 young (8192K), 2 survivors (4096K)
 Metaspace       used 65344K, committed 65920K, reserved 1114112K
  class space    used 9078K, committed 9344K, reserved 1048576K
}
Event: 22.165 GC heap after
{Heap after GC invocations=24 (full 0):
 garbage-first heap   total 251904K, used 56805K [0x0000000740000000, 0x0000000800000000)
  region size 2048K, 2 young (4096K), 2 survivors (4096K)
 Metaspace       used 65344K, committed 65920K, reserved 1114112K
  class space    used 9078K, committed 9344K, reserved 1048576K
}
Event: 22.649 GC heap before
{Heap before GC invocations=24 (full 0):
 garbage-first heap   total 251904K, used 112101K [0x0000000740000000, 0x0000000800000000)
  region size 2048K, 6 young (12288K), 2 survivors (4096K)
 Metaspace       used 65469K, committed 66048K, reserved 1114112K
  class space    used 9078K, committed 9344K, reserved 1048576K
}
Event: 22.656 GC heap after
{Heap after GC invocations=25 (full 0):
 garbage-first heap   total 251904K, used 56959K [0x0000000740000000, 0x0000000800000000)
  region size 2048K, 2 young (4096K), 2 survivors (4096K)
 Metaspace       used 65469K, committed 66048K, reserved 1114112K
  class space    used 9078K, committed 9344K, reserved 1048576K
}

